<?xml version="1.0" encoding="UTF-8"?>
<testng-results ignored="0" total="1" passed="1" failed="0" skipped="0">
  <reporter-output>
  </reporter-output>
  <suite started-at="2022-09-21T19:30:11 EDT" name="Default suite" finished-at="2022-09-21T19:30:15 EDT" duration-ms="4051">
    <groups>
    </groups>
    <test started-at="2022-09-21T19:30:11 EDT" name="Default test" finished-at="2022-09-21T19:30:15 EDT" duration-ms="4051">
      <class name="pageobjects.Registrationpagetest">
        <test-method signature="verifyreg()[pri:0, instance:pageobjects.Registrationpagetest@77eca502]" started-at="2022-09-21T19:30:11 EDT" name="verifyreg" finished-at="2022-09-21T19:30:15 EDT" duration-ms="4034" status="PASS">
          <reporter-output>
          </reporter-output>
        </test-method> <!-- verifyreg -->
      </class> <!-- pageobjects.Registrationpagetest -->
    </test> <!-- Default test -->
  </suite> <!-- Default suite -->
</testng-results>
